0 info it worked if it ends with ok
1 verbose cli [ '/home/xhz/services/node/bin/node',
1 verbose cli   '/home/xhz/services/node/bin/npm',
1 verbose cli   'start' ]
2 info using npm@3.10.8
3 info using node@v6.9.1
4 verbose run-script [ 'prestart', 'start', 'poststart' ]
5 info lifecycle autocode@1.0.0~prestart: autocode@1.0.0
6 silly lifecycle autocode@1.0.0~prestart: no script for prestart, continuing
7 info lifecycle autocode@1.0.0~start: autocode@1.0.0
8 verbose lifecycle autocode@1.0.0~start: unsafe-perm in lifecycle true
9 verbose lifecycle autocode@1.0.0~start: PATH: /home/xhz/services/node/lib/node_modules/npm/bin/node-gyp-bin:/home/xhz/code/node-autocode/node_modules/.bin:/home/xhz/services/apache-maven-3.3.9/bin:/home/xhz/services/jdk1.8.0/bin:/home/xhz/services/jdk1.8.0/jre/bin:/home/xhz/services/node/bin:/home/xhz/bin:/home/xhz/services/apache-maven-3.3.9/bin:/home/xhz/services/jdk1.8.0/bin:/home/xhz/services/jdk1.8.0/jre/bin:/home/xhz/services/node/bin:/home/xhz/bin:/home/xhz/services/apache-maven-3.3.9/bin:/home/xhz/services/jdk1.8.0/bin:/home/xhz/services/jdk1.8.0/jre/bin:/home/xhz/services/node/bin:/home/xhz/bin:/usr/local/sbin:/usr/local/bin:/usr/sbin:/usr/bin:/sbin:/bin:/usr/games:/usr/local/games:/snap/bin:/snap/bin:/snap/bin
10 verbose lifecycle autocode@1.0.0~start: CWD: /home/xhz/code/node-autocode
11 silly lifecycle autocode@1.0.0~start: Args: [ '-c', 'node bin/dev-server.js' ]
12 silly lifecycle autocode@1.0.0~start: Returned: code: 1  signal: null
13 info lifecycle autocode@1.0.0~start: Failed to exec start script
14 verbose stack Error: autocode@1.0.0 start: `node bin/dev-server.js`
14 verbose stack Exit status 1
14 verbose stack     at EventEmitter.<anonymous> (/home/xhz/services/node/lib/node_modules/npm/lib/utils/lifecycle.js:255:16)
14 verbose stack     at emitTwo (events.js:106:13)
14 verbose stack     at EventEmitter.emit (events.js:191:7)
14 verbose stack     at ChildProcess.<anonymous> (/home/xhz/services/node/lib/node_modules/npm/lib/utils/spawn.js:40:14)
14 verbose stack     at emitTwo (events.js:106:13)
14 verbose stack     at ChildProcess.emit (events.js:191:7)
14 verbose stack     at maybeClose (internal/child_process.js:877:16)
14 verbose stack     at Process.ChildProcess._handle.onexit (internal/child_process.js:226:5)
15 verbose pkgid autocode@1.0.0
16 verbose cwd /home/xhz/code/node-autocode
17 error Linux 4.4.0-83-generic
18 error argv "/home/xhz/services/node/bin/node" "/home/xhz/services/node/bin/npm" "start"
19 error node v6.9.1
20 error npm  v3.10.8
21 error code ELIFECYCLE
22 error autocode@1.0.0 start: `node bin/dev-server.js`
22 error Exit status 1
23 error Failed at the autocode@1.0.0 start script 'node bin/dev-server.js'.
23 error Make sure you have the latest version of node.js and npm installed.
23 error If you do, this is most likely a problem with the autocode package,
23 error not with npm itself.
23 error Tell the author that this fails on your system:
23 error     node bin/dev-server.js
23 error You can get information on how to open an issue for this project with:
23 error     npm bugs autocode
23 error Or if that isn't available, you can get their info via:
23 error     npm owner ls autocode
23 error There is likely additional logging output above.
24 verbose exit [ 1, true ]
